<?xml version="1.0" encoding="UTF-8"?>
<testsuite name="Cucumber" time="18.541" tests="1" skipped="0" failures="1" errors="0">
<testcase classname="Testcases for checks on the Core Product functionality" name="TC2-To count the overall video feeds and the feeds less than 3d - #1.1" time="18.36">
<failure type="java.lang.AssertionError" message="ERROR &gt;&gt; getCP_ShopMenu_Mens clicked failed expected [PASSED] but found [FAILED]">
<![CDATA[java.lang.AssertionError: ERROR >> getCP_ShopMenu_Mens clicked failed expected [PASSED] but found [FAILED]
	at org.testng.Assert.fail(Assert.java:111)
	at org.testng.Assert.failNotEquals(Assert.java:1578)
	at org.testng.Assert.assertEqualsImpl(Assert.java:150)
	at org.testng.Assert.assertEquals(Assert.java:132)
	at org.testng.Assert.assertEquals(Assert.java:656)
	at com.example.stepDefinations.stepDefination.iNavigateToTheThreeDottedMenuAndSelectCategory(stepDefination.java:127)
	at âœ½.I navigate to the three dotted Menu and select "News & Features" category(file:///C:/Users/shann/IdeaProjects/Veeva_Shannon_Sub/src/test/featureFileDirectory/CoreProdutTests.feature:24)
]]>
</failure>
<system-out><![CDATA[
Given User opens the "chrome" and loads the "CP_URL"........................passed
When I am on the CP Home Page and do some quick element loaded validations..passed
And I navigate to the three dotted Menu and select "News & Features" category.failed
Then I navigate to the News page and count all video feeds ">=" "3".........skipped
And I attach the generated text file to the test report.....................skipped
]]></system-out>
</testcase>
</testsuite>
